---- yt-dlp run: 2025-12-18T15:49:22.371258 ----
Command: yt-dlp -v -f bestaudio[ext=webm]/bestaudio[ext=m4a]/bestaudio --add-metadata --restrict-filenames --download-archive C:\Users\Johan\Downloads\playlists\Breakcore\downloaded.txt --no-overwrites --retries 3 --fragment-retries 3 --concurrent-fragments 2 --no-playlist -P C:\Users\Johan\Downloads\playlists\Breakcore -o %(title)s [%(id)s].%(ext)s -a C:\Users\Johan\Downloads\playlists\Breakcore\batch_20251218_154922.txt
[debug] Command-line config: ['-v', '-f', 'bestaudio[ext=webm]/bestaudio[ext=m4a]/bestaudio', '--add-metadata', '--restrict-filenames', '--download-archive', 'C:\\Users\\Johan\\Downloads\\playlists\\Breakcore\\downloaded.txt', '--no-overwrites', '--retries', '3', '--fragment-retries', '3', '--concurrent-fragments', '2', '--no-playlist', '-P', 'C:\\Users\\Johan\\Downloads\\playlists\\Breakcore', '-o', '%(title)s [%(id)s].%(ext)s', '-a', 'C:\\Users\\Johan\\Downloads\\playlists\\Breakcore\\batch_20251218_154922.txt']
[debug] Batch file urls: ['https://www.youtube.com/watch?v=4qIe7upr054', 'https://www.youtube.com/watch?v=4Kww1Um9YCQ', 'https://www.youtube.com/watch?v=wqeHcij1eiA', 'https://www.youtube.com/watch?v=3TzuLuzonPs', 'https://www.youtube.com/watch?v=oYaxzvr0Vrs', 'https://www.youtube.com/watch?v=h0SjAa0gu1A']
[debug] Encodings: locale cp1252, fs utf-8, pref cp1252, out cp1252 (No ANSI), error cp1252 (No ANSI), screen cp1252 (No ANSI)
[debug] yt-dlp version stable@2025.12.08 from yt-dlp/yt-dlp [7a52ff29d] (pip)
[debug] Python 3.14.0 (CPython AMD64 64bit) - Windows-11-10.0.26200-SP0 (OpenSSL 3.0.18 30 Sep 2025)
[debug] exe versions: ffmpeg 2025-12-14-git-3332b2db84-essentials_build-www.gyan.dev (setts), ffprobe 2025-12-14-git-3332b2db84-essentials_build-www.gyan.dev
[debug] Optional libraries: certifi-2022.05.18, requests-2.27.1, sqlite3-3.50.4, urllib3-1.26.9 (unsupported), websockets-11.0.3 (unsupported)
[debug] JS runtimes: none
[debug] Proxy map: {}
[debug] Request Handlers: urllib
[debug] Plugin directories: none
[debug] Loaded 1854 extractors
[debug] Loading archive file 'C:\\Users\\Johan\\Downloads\\playlists\\Breakcore\\downloaded.txt'
[debug] [youtube] [pot] PO Token Providers: none
[debug] [youtube] [pot] PO Token Cache Providers: memory
[debug] [youtube] [pot] PO Token Cache Spec Providers: webpo
[debug] [youtube] [jsc] JS Challenge Providers: bun (unavailable), deno (unavailable), node (unavailable), quickjs (unavailable)
[youtube] Extracting URL: https://www.youtube.com/watch?v=4qIe7upr054
[youtube] 4qIe7upr054: Downloading webpage
WARNING: [youtube] No supported JavaScript runtime could be found. Only deno is enabled by default; to use another runtime add  --js-runtimes RUNTIME[:PATH]  to your command/config. YouTube extraction without a JS runtime has been deprecated, and some formats may be missing. See  https://github.com/yt-dlp/yt-dlp/wiki/EJS  for details on installing one
[debug] [youtube] Forcing "main" player JS variant for player 50cc0679
        original url = /s/player/50cc0679/player_es6.vflset/en_US/base.js
[youtube] 4qIe7upr054: Downloading android sdkless player API JSON
[debug] [youtube] 4qIe7upr054: android_sdkless player response playability status: UNPLAYABLE
[youtube] 4qIe7upr054: Downloading web safari player API JSON
[debug] [youtube] 4qIe7upr054: web_safari player response playability status: UNPLAYABLE
[debug] [youtube] 4qIe7upr054: web player response playability status: UNPLAYABLE
ERROR: [youtube] 4qIe7upr054: Video unavailable. This video is not available
  File "D:\Programming\python\Lib\site-packages\yt_dlp\extractor\common.py", line 762, in extract
    ie_result = self._real_extract(url)
  File "D:\Programming\python\Lib\site-packages\yt_dlp\extractor\youtube\_video.py", line 3910, in _real_extract
    self.raise_no_formats(reason, expected=True)
    ~~~~~~~~~~~~~~~~~~~~~^^^^^^^^^^^^^^^^^^^^^^^
  File "D:\Programming\python\Lib\site-packages\yt_dlp\extractor\common.py", line 1274, in raise_no_formats
    raise ExtractorError(msg, expected=expected, video_id=video_id)
[youtube] Extracting URL: https://www.youtube.com/watch?v=4Kww1Um9YCQ
[youtube] 4Kww1Um9YCQ: Downloading webpage
WARNING: [youtube] No supported JavaScript runtime could be found. Only deno is enabled by default; to use another runtime add  --js-runtimes RUNTIME[:PATH]  to your command/config. YouTube extraction without a JS runtime has been deprecated, and some formats may be missing. See  https://github.com/yt-dlp/yt-dlp/wiki/EJS  for details on installing one
[youtube] 4Kww1Um9YCQ: Downloading android sdkless player API JSON
[debug] [youtube] 4Kww1Um9YCQ: android_sdkless player response playability status: UNPLAYABLE
[youtube] 4Kww1Um9YCQ: Downloading web safari player API JSON
[debug] [youtube] 4Kww1Um9YCQ: web_safari player response playability status: UNPLAYABLE
[debug] [youtube] 4Kww1Um9YCQ: web player response playability status: UNPLAYABLE
ERROR: [youtube] 4Kww1Um9YCQ: Video unavailable. This video is not available
  File "D:\Programming\python\Lib\site-packages\yt_dlp\extractor\common.py", line 762, in extract
    ie_result = self._real_extract(url)
  File "D:\Programming\python\Lib\site-packages\yt_dlp\extractor\youtube\_video.py", line 3910, in _real_extract
    self.raise_no_formats(reason, expected=True)
    ~~~~~~~~~~~~~~~~~~~~~^^^^^^^^^^^^^^^^^^^^^^^
  File "D:\Programming\python\Lib\site-packages\yt_dlp\extractor\common.py", line 1274, in raise_no_formats
    raise ExtractorError(msg, expected=expected, video_id=video_id)
[youtube] Extracting URL: https://www.youtube.com/watch?v=wqeHcij1eiA
[youtube] wqeHcij1eiA: Downloading webpage
WARNING: [youtube] No supported JavaScript runtime could be found. Only deno is enabled by default; to use another runtime add  --js-runtimes RUNTIME[:PATH]  to your command/config. YouTube extraction without a JS runtime has been deprecated, and some formats may be missing. See  https://github.com/yt-dlp/yt-dlp/wiki/EJS  for details on installing one
[youtube] wqeHcij1eiA: Downloading android sdkless player API JSON
[debug] [youtube] wqeHcij1eiA: android_sdkless player response playability status: UNPLAYABLE
[youtube] wqeHcij1eiA: Downloading web safari player API JSON
[debug] [youtube] wqeHcij1eiA: web_safari player response playability status: UNPLAYABLE
[debug] [youtube] wqeHcij1eiA: web player response playability status: UNPLAYABLE
ERROR: [youtube] wqeHcij1eiA: Video unavailable. This video is not available
  File "D:\Programming\python\Lib\site-packages\yt_dlp\extractor\common.py", line 762, in extract
    ie_result = self._real_extract(url)
  File "D:\Programming\python\Lib\site-packages\yt_dlp\extractor\youtube\_video.py", line 3910, in _real_extract
    self.raise_no_formats(reason, expected=True)
    ~~~~~~~~~~~~~~~~~~~~~^^^^^^^^^^^^^^^^^^^^^^^
  File "D:\Programming\python\Lib\site-packages\yt_dlp\extractor\common.py", line 1274, in raise_no_formats
    raise ExtractorError(msg, expected=expected, video_id=video_id)
[youtube] Extracting URL: https://www.youtube.com/watch?v=3TzuLuzonPs
[youtube] 3TzuLuzonPs: Downloading webpage
WARNING: [youtube] No supported JavaScript runtime could be found. Only deno is enabled by default; to use another runtime add  --js-runtimes RUNTIME[:PATH]  to your command/config. YouTube extraction without a JS runtime has been deprecated, and some formats may be missing. See  https://github.com/yt-dlp/yt-dlp/wiki/EJS  for details on installing one
[youtube] 3TzuLuzonPs: Downloading android sdkless player API JSON
[debug] [youtube] 3TzuLuzonPs: android_sdkless player response playability status: UNPLAYABLE
[youtube] 3TzuLuzonPs: Downloading web safari player API JSON
[debug] [youtube] 3TzuLuzonPs: web_safari player response playability status: UNPLAYABLE
[debug] [youtube] 3TzuLuzonPs: web player response playability status: UNPLAYABLE
ERROR: [youtube] 3TzuLuzonPs: Video unavailable. This video is not available
  File "D:\Programming\python\Lib\site-packages\yt_dlp\extractor\common.py", line 762, in extract
    ie_result = self._real_extract(url)
  File "D:\Programming\python\Lib\site-packages\yt_dlp\extractor\youtube\_video.py", line 3910, in _real_extract
    self.raise_no_formats(reason, expected=True)
    ~~~~~~~~~~~~~~~~~~~~~^^^^^^^^^^^^^^^^^^^^^^^
  File "D:\Programming\python\Lib\site-packages\yt_dlp\extractor\common.py", line 1274, in raise_no_formats
    raise ExtractorError(msg, expected=expected, video_id=video_id)
[youtube] Extracting URL: https://www.youtube.com/watch?v=oYaxzvr0Vrs
[youtube] oYaxzvr0Vrs: Downloading webpage
WARNING: [youtube] No supported JavaScript runtime could be found. Only deno is enabled by default; to use another runtime add  --js-runtimes RUNTIME[:PATH]  to your command/config. YouTube extraction without a JS runtime has been deprecated, and some formats may be missing. See  https://github.com/yt-dlp/yt-dlp/wiki/EJS  for details on installing one
[youtube] oYaxzvr0Vrs: Downloading android sdkless player API JSON
[debug] [youtube] oYaxzvr0Vrs: android_sdkless player response playability status: UNPLAYABLE
[youtube] oYaxzvr0Vrs: Downloading web safari player API JSON
[debug] [youtube] oYaxzvr0Vrs: web_safari player response playability status: UNPLAYABLE
[debug] [youtube] oYaxzvr0Vrs: web player response playability status: UNPLAYABLE
ERROR: [youtube] oYaxzvr0Vrs: Video unavailable. This video is not available
  File "D:\Programming\python\Lib\site-packages\yt_dlp\extractor\common.py", line 762, in extract
    ie_result = self._real_extract(url)
  File "D:\Programming\python\Lib\site-packages\yt_dlp\extractor\youtube\_video.py", line 3910, in _real_extract
    self.raise_no_formats(reason, expected=True)
    ~~~~~~~~~~~~~~~~~~~~~^^^^^^^^^^^^^^^^^^^^^^^
  File "D:\Programming\python\Lib\site-packages\yt_dlp\extractor\common.py", line 1274, in raise_no_formats
    raise ExtractorError(msg, expected=expected, video_id=video_id)
[youtube] Extracting URL: https://www.youtube.com/watch?v=h0SjAa0gu1A
[youtube] h0SjAa0gu1A: Downloading webpage
WARNING: [youtube] No supported JavaScript runtime could be found. Only deno is enabled by default; to use another runtime add  --js-runtimes RUNTIME[:PATH]  to your command/config. YouTube extraction without a JS runtime has been deprecated, and some formats may be missing. See  https://github.com/yt-dlp/yt-dlp/wiki/EJS  for details on installing one
[youtube] h0SjAa0gu1A: Downloading android sdkless player API JSON
[youtube] h0SjAa0gu1A: This video is age-restricted; some formats may be missing without authentication. Use --cookies-from-browser or --cookies for the authentication. See  https://github.com/yt-dlp/yt-dlp/wiki/FAQ#how-do-i-pass-cookies-to-yt-dlp  for how to manually pass cookies. Also see  https://github.com/yt-dlp/yt-dlp/wiki/Extractors#exporting-youtube-cookies  for tips on effectively exporting YouTube cookies
[debug] [youtube] h0SjAa0gu1A: android_sdkless player response playability status: LOGIN_REQUIRED
[youtube] h0SjAa0gu1A: Downloading web embedded client config
[debug] [youtube] h0SjAa0gu1A: Detected experiment to bind GVS PO Token to video id.
[youtube] h0SjAa0gu1A: Downloading player 50cc0679-main
[youtube] h0SjAa0gu1A: Downloading web embedded player API JSON
[debug] [youtube] h0SjAa0gu1A: web_embedded player response playability status: UNPLAYABLE
[youtube] h0SjAa0gu1A: Downloading web safari player API JSON
[debug] [youtube] h0SjAa0gu1A: web_safari player response playability status: LOGIN_REQUIRED
[debug] [youtube] h0SjAa0gu1A: web player response playability status: LOGIN_REQUIRED
ERROR: [youtube] h0SjAa0gu1A: Sign in to confirm your age. This video may be inappropriate for some users. Use --cookies-from-browser or --cookies for the authentication. See  https://github.com/yt-dlp/yt-dlp/wiki/FAQ#how-do-i-pass-cookies-to-yt-dlp  for how to manually pass cookies. Also see  https://github.com/yt-dlp/yt-dlp/wiki/Extractors#exporting-youtube-cookies  for tips on effectively exporting YouTube cookies
  File "D:\Programming\python\Lib\site-packages\yt_dlp\extractor\common.py", line 762, in extract
    ie_result = self._real_extract(url)
  File "D:\Programming\python\Lib\site-packages\yt_dlp\extractor\youtube\_video.py", line 3910, in _real_extract
    self.raise_no_formats(reason, expected=True)
    ~~~~~~~~~~~~~~~~~~~~~^^^^^^^^^^^^^^^^^^^^^^^
  File "D:\Programming\python\Lib\site-packages\yt_dlp\extractor\common.py", line 1274, in raise_no_formats
    raise ExtractorError(msg, expected=expected, video_id=video_id)
Return code: 1
Contents:
4evrx - i drank the wrong potion (i drank the wrong potion) [uGxcco8Uq6A].webm  2876731
batch_20251218_154922.txt  270
Cube Natural, Lordsun - Mall Music (WAVESTATION​-​FM) [yzwhyEt2LGQ].webm  2712648
drunkyokai - Hercelot - Happy ODMC2 [ujuNo7-nheI].webm  4568988
eightiesheadachetape - what we did in the desert (for a while) [dHID5Yv-Z0s].webm  4393655
Femtanyl - femtanyl - AND IM GONE [MWdqIZvkv6Y].webm  2626991
Femtanyl - femtanyl - CHASER [9wQnO-Katws].webm  13119046
ICEDCHURCH - Cyber Memories (Cyber Memories) [etzWoor98jM].webm  3923981
idiotkitten - what it meant to us, and everything we shared (what it meant to us, and everything we shared) [PlFFkmiVruQ].webm  5719616
Izar - Born of a Star (End of my life) [jwIWJIdpNFs].webm  4688555
kiyosumi - disorder, disbelief (pathetic) [BYqKJQNNyOM].webm  2349859
kiyosumi - fall asleep (in your arms) [Ymg0NNIdgTY].webm  3357799
kiyosumi - jump off (pathetic) [b83iWnMfCo8].webm  2819686
kiyosumi - tell me what you want (after all) [zidL5oEJluM].webm  3440286
kiyosumi - will you smile at me one more time (after all) [kz9mrzEUeB8].webm  3223824
kiyosumi - winds of change (after all) [jhZ_pYwtarQ].webm  3810379
Landooo - breakcore is not the way to win a girl's heart [gVnqNTfona4].webm  2677697
lolratz - DEADERNET (DEADERNET) [M6H-XHQ4RtY].webm  1903838
Maya X Pionas MXP - TOKYOPILL - Ethereal (Maya X Pionas Remix) [GN29TfWxzJ4].webm  2689058
mindvacy - deficit (lost and found) [SD5LV8gQi8Y].webm  3225994
mindvacy - evermore (evermore) [yte4MzLjmc0].webm  8708125
nacho - delusions (delusions) [BJB0ctVuirE].webm  2639210
nacho - fading memories (fading memories) [RDSZWQ5OkLE].webm  3376880
PAVILION - Blksmiith - SR20DET [OBPV0lsorwU].webm  4377353
proloxx - adhd [QKSKxfSg2s0].webm  1839375
proloxx - windows breakcore -proloxx (out on spotify!!) [AMc4kuUHmhw].webm  2846579
Puhf - idontloveyouanymore (idontloveyouanymore) [qsmGXc6cQLY].webm  4751683
Puhf - 「derealization」 (「derealization」) [He_xpO7Ez60].webm  4300954
Puhf, Nakedleisure - i whisper secrets to the stars (i whisper secrets to the stars) [rmA7FzZGEnk].webm  3359749
s777n - s777n - remains of a corrupted file [Bkl-QFC7_uw].webm  3460156
s777n - s777n - she text back [J8VydkXY_Uo].webm  2679237
Sewerslvt - inertia status (suffering from melancholia) [izmMgwCQw7M].webm  4076552
Sewerslvt - Sewerslvt - inpeace [0BNsnWppO0k].webm  4900060
Sewerslvt - Sewerslvt - Pretty Cvnt [beoNy4MMHTc].webm  3371935
Sewerslvt - Swinging in His Cell (Draining Love Story) [CKNP6fzTGxw].webm  5064065
Sewerslvt - Yves Tumor - Jackie (Sewerslvt Remake) [8dUfdaHbhfo].webm  3086665
Sewerslvt Archive - 05. Daft Punk - Doin' It Right (Sewerslvt Remix) [8Fig0uPn4Ig].webm  6168984
Sewerslvt Archive - 06. Sewerslvt - Pandora's Box [u79WbflGxFU].webm  5653566
skinpeelr - break your heart (voicemails) [4hxDeCXzZ3g].webm  4240155
strxwberrymilk - Bed Bugs (Nya! Dr3amgirl!) [Bo_WYIOvINM].webm  3372876
strxwberrymilk - Cursed (GAIA) [pdn-9ghfgyo].webm  3670537
strxwberrymilk - Fragments of Love (The Escape From Blue Marble) [zxxKqTUK4KI].webm  3031503
strxwberrymilk - Her Laugh (Her Laugh) [BzeRzIZbS6M].webm  4119006
strxwberrymilk - Kiss by the Sea (Kiss by the Sea) [mqxVSHpGJk8].webm  3654678
strxwberrymilk - My Head Hurts (My Head Hurts) [rmS_CZ-g65o].webm  3012198
strxwberrymilk - Rejected - Radio Edit (Music for Awkward Dates) [Yj62bsMq7cI].webm  3610775
strxwberrymilk - Same Old, Same Old (Nya! Dr3amgirl!) [mrRQYLjdltg].webm  4621641
strxwberrymilk - strxwberrymilk - Just Leave Me Alone [-e9lofjraJY].webm  3710001
strxwberrymilk - strxwberrymilk - The Sky is Purple [gzogMQPt9AU].webm  4299827
strxwberrymilk - The Sky is Purple (Music for Awkward Dates) [cV2btTyQQ0o].webm  4318206
Sydosys, Devon Van Winkle - Wandered (Wandered) [i92NcDA59sU].webm  2489466
TOKYOPILL - Let's All Love Lain (Abandon The Flesh !) [F4Ec98UJXfA].webm  2372457
totheheart - hkmori - am i overreacting [ElR00vi43d0].webm  2914477
totheheart - hkmori - anybody can find love (except you.) [-NEGsRc3fbA].webm  1942623
Xxtarlit⚸ - Fleeting Frozen Heart (A Thousand Things I Could Tell You) [gsU4b4ThCU0].webm  3167412
yt-dlp-debug.log  12627
---- end run ----

