---- yt-dlp run: 2025-12-18T15:49:15.299378 ----
Command: yt-dlp -v -f bestaudio[ext=webm]/bestaudio[ext=m4a]/bestaudio --add-metadata --restrict-filenames --download-archive C:\Users\Johan\Downloads\playlists\The broken\downloaded.txt --no-overwrites --retries 3 --fragment-retries 3 --concurrent-fragments 2 --no-playlist -P C:\Users\Johan\Downloads\playlists\The broken -o %(title)s [%(id)s].%(ext)s -a C:\Users\Johan\Downloads\playlists\The broken\batch_20251218_154915.txt
[debug] Command-line config: ['-v', '-f', 'bestaudio[ext=webm]/bestaudio[ext=m4a]/bestaudio', '--add-metadata', '--restrict-filenames', '--download-archive', 'C:\\Users\\Johan\\Downloads\\playlists\\The broken\\downloaded.txt', '--no-overwrites', '--retries', '3', '--fragment-retries', '3', '--concurrent-fragments', '2', '--no-playlist', '-P', 'C:\\Users\\Johan\\Downloads\\playlists\\The broken', '-o', '%(title)s [%(id)s].%(ext)s', '-a', 'C:\\Users\\Johan\\Downloads\\playlists\\The broken\\batch_20251218_154915.txt']
[debug] Batch file urls: ['https://www.youtube.com/watch?v=7-A_5dWtoM0']
[debug] Encodings: locale cp1252, fs utf-8, pref cp1252, out cp1252 (No ANSI), error cp1252 (No ANSI), screen cp1252 (No ANSI)
[debug] yt-dlp version stable@2025.12.08 from yt-dlp/yt-dlp [7a52ff29d] (pip)
[debug] Python 3.14.0 (CPython AMD64 64bit) - Windows-11-10.0.26200-SP0 (OpenSSL 3.0.18 30 Sep 2025)
[debug] exe versions: ffmpeg 2025-12-14-git-3332b2db84-essentials_build-www.gyan.dev (setts), ffprobe 2025-12-14-git-3332b2db84-essentials_build-www.gyan.dev
[debug] Optional libraries: certifi-2022.05.18, requests-2.27.1, sqlite3-3.50.4, urllib3-1.26.9 (unsupported), websockets-11.0.3 (unsupported)
[debug] JS runtimes: none
[debug] Proxy map: {}
[debug] Request Handlers: urllib
[debug] Plugin directories: none
[debug] Loaded 1854 extractors
[debug] Loading archive file 'C:\\Users\\Johan\\Downloads\\playlists\\The broken\\downloaded.txt'
[debug] [youtube] [pot] PO Token Providers: none
[debug] [youtube] [pot] PO Token Cache Providers: memory
[debug] [youtube] [pot] PO Token Cache Spec Providers: webpo
[debug] [youtube] [jsc] JS Challenge Providers: bun (unavailable), deno (unavailable), node (unavailable), quickjs (unavailable)
[youtube] Extracting URL: https://www.youtube.com/watch?v=7-A_5dWtoM0
[youtube] 7-A_5dWtoM0: Downloading webpage
WARNING: [youtube] No supported JavaScript runtime could be found. Only deno is enabled by default; to use another runtime add  --js-runtimes RUNTIME[:PATH]  to your command/config. YouTube extraction without a JS runtime has been deprecated, and some formats may be missing. See  https://github.com/yt-dlp/yt-dlp/wiki/EJS  for details on installing one
[debug] [youtube] Forcing "main" player JS variant for player 50cc0679
        original url = /s/player/50cc0679/player_es6.vflset/en_US/base.js
[youtube] 7-A_5dWtoM0: Downloading android sdkless player API JSON
[debug] [youtube] 7-A_5dWtoM0: android_sdkless player response playability status: UNPLAYABLE
[youtube] 7-A_5dWtoM0: Downloading web safari player API JSON
[debug] [youtube] 7-A_5dWtoM0: web_safari player response playability status: UNPLAYABLE
[debug] [youtube] 7-A_5dWtoM0: web player response playability status: UNPLAYABLE
ERROR: [youtube] 7-A_5dWtoM0: Video unavailable. This video is not available
  File "D:\Programming\python\Lib\site-packages\yt_dlp\extractor\common.py", line 762, in extract
    ie_result = self._real_extract(url)
  File "D:\Programming\python\Lib\site-packages\yt_dlp\extractor\youtube\_video.py", line 3910, in _real_extract
    self.raise_no_formats(reason, expected=True)
    ~~~~~~~~~~~~~~~~~~~~~^^^^^^^^^^^^^^^^^^^^^^^
  File "D:\Programming\python\Lib\site-packages\yt_dlp\extractor\common.py", line 1274, in raise_no_formats
    raise ExtractorError(msg, expected=expected, video_id=video_id)
Return code: 1
Contents:
Adam Bell - Summa for Strings _ Arvo Pärt [PzSlmWQuHFw].webm  5444445
batch_20251218_154915.txt  45
David Gómez, Budapest Symphony Orchestra - Soulmood (feat. Budapest Symphony Orchestra) (VIDDÄ) [RBwxgIqCT9Y].webm  3563751
Emile Mosseri - Jacob and the Stone (Minari (Original Motion Picture Soundtrack)) [PK35ulIX5P4].webm  1671890
Emile Mosseri - Outro (Minari (Original Motion Picture Soundtrack)) [tBF8I58vBrk].webm  2896314
Estonian National Symphony Orchestra - Songs from Dolores's Songbook_ No. 7, Azure (Version for Strings) (Tõnu Kõrvits_ Hymns to the Nordic Lights & Other Works) [I9aNGNXqpDQ].webm  2791361
James Quinn - Waterfall (Waterfall) [io8w2qusfXw].webm  3369735
JamesHeatherSounds - James Heather - 'Ultraviolet' (Official Audio) [mG0ElCZUNGo].webm  1759103
Johan Marte - The Chase - Philip Glass [PpJiGShcniI].webm  4092315
John Rutter & The Cambridge Singers - Requiem_ Requiem aeternam - Herbert Howells, John Rutter, The Cambridge Singers [IU0xcWuTeKg].webm  3315059
Justin Hurwitz - Armstrong Cabin (First Man (Original Motion Picture Soundtrack)) [9W4xr49-I0I].webm  1324003
Jóhann Jóhannsson, Air Lyndhurst String Orchestra, Anthony Weeden - Jóhannsson_ A Sparrow Alighted upon our Shoulder (Orphée) [TYjME2xuMck].webm  2550479
Leonard Bernstein, New York Philharmonic Orchestra, Samuel Barber - Adagio for Strings, Op. 11 (Barber_ Adagio for Strings & Violin Concerto - Schuman_ In Praise of Shahn & To Thee Old Cause) [VLR7s8Rq7Dw].webm  9867280
Los Angeles Master Chorale, Grant Gershon - Górecki_ Miserere, Op. 44_ 11. Miserere nobis - Lento, tranquilissimo, cantabilissimo, dolcissimo (Górecki_ Miserere) [2zIdpkBBLpM].webm  2623068
Oliver Coates - One Without (Aftersun (Original Motion Picture Soundtrack)) [5CLxYqMZFy8].webm  4072299
Orchestra della Svizzera Italiana - Symphony No. 6 _Degli archi__ II. Piuttosto lento (Malipiero_ Orchestral Works) [CzDjrRS9hx8].webm  6280686
Paavo Järvi, Estonian National Symphony Orchestra - Cantus in memoriam Benjamin Britten (Pärt_ Summa, Trisagion, Symphony No. 3, Fratres, Silouans Song, Festina lente & Cantus in Memoria) [bvfvO3dJqFY].webm  6669113
Polish National Radio Symphony Orchestra - 3 Utwory w dawnym stylu (3 Pieces in Old Style) _ I. — (Górecki_ Symphony No. 3 - 3 Olden Style Pieces) [R2Wtk-Gners].webm  3378512
Polish National Radio Symphony Orchestra - 3 Utwory w dawnym stylu (3 Pieces in Old Style) _ III. — (Górecki_ Symphony No. 3 - 3 Olden Style Pieces) [uhihzktyGsM].webm  4402560
Rand Aldo - London Berceuse (Nocturne in Green) [jM48FiUTchg].webm  4272390
Rhiannon Bannenberg - For Stormboy (Ambrosia (Official Soundtrack)) [jqD3_d2dRSM].webm  1780224
Slow Meadow - A Magnificent Gray (A Magnificent Gray) [BKrbFwaHHAU].webm  4114139
Slow Meadow - Boy in a Water Globe (Costero) [SPcb1DHOZT8].webm  5852826
Slow Meadow - Fake Magic Is Real (Fake Magic Is Real) [sh415U6BjTs].webm  4434649
Slow Meadow - Grey Cloud Lullaby (Slow Meadow) [pkeznQ-DeOI].webm  4611885
Slow Meadow - Lamellophone and the Gulf of Mexico (Lamellophone and the Gulf of Mexico) [Vdxr3eLI98c].webm  6471153
Sylvain Chauveau - Pauvre Simon (Nuage) [pR3CEtnEo_k].webm  2011270
Thomas Adès - Arcadiana, Op. 12_ VI. O Albion (Adès_ Living Toys) [EXWZLCYDJUg].webm  3297437
yt-dlp-debug.log  3865
---- end run ----

